2024-01-08 22:01:55.660000
Line383:
0
<<<<<<< HEAD
2024-01-10 21:57:15.812000
Line383:
0
2024-01-10 21:57:18.598000
Line383:
0
2024-01-10 21:57:58.140000
=======
2024-01-09 10:11:53.139000
Line383:
0
2024-01-09 10:44:57.594000
Line383:
0
2024-01-09 10:45:01.315000
Line383:
0
2024-01-09 10:45:01.984000
Line383:
0
2024-01-09 14:54:22.579000
Line383:
0
2024-01-09 14:54:32.698000
Line383:
0
2024-01-09 15:31:24.675000
Line383:
0
2024-01-09 15:31:28.290000
Line383:
0
2024-01-09 15:31:28.620000
Line383:
0
2024-01-09 15:31:29.101000
Line383:
0
2024-01-09 17:03:06.842000
>>>>>>> 849d0d48ca261a9e76f3f93d6009b36734559c60
Line383:
0
